[2020-06-24 09:32:54,978]-[INFO]-CommuServer(389)日志配置设置成功!
[2020-06-24 09:32:55,383]-[INFO]-CommuServer(398)成功解析配置文件：CommuConfig.xml
[2020-06-24 09:32:55,417]-[INFO]-CommuServer(488)日志备份
[2020-06-24 09:32:55,418]-[INFO]-CommuServer(405)成功初始化socket配置!
[2020-06-24 09:32:55,420]-[INFO]-CommuServer(409)成功初始化客流配置!
[2020-06-24 09:32:55,431]-[INFO]-CommuServer(413)成功初始化线程监控配置!
[2020-06-24 09:32:55,432]-[INFO]-CommuServer(417)成功初始化初始化参数下发配置!
[2020-06-24 09:32:55,432]-[INFO]-CommuServer(421)成功初始化应用相关配置!
[2020-06-24 09:32:55,432]-[INFO]-CommuServer(689)FtpLocalDir:E:/ftpClient/ACCCommu/receive
[2020-06-24 09:32:55,432]-[INFO]-CommuServer(702)BusFtpLocalDir:E:/ftpClient/ACCCommu/import
[2020-06-24 09:32:55,433]-[INFO]-CommuServer(425)成功初始化FTP配置!
[2020-06-24 09:32:55,811]-[INFO]-CommuServer(867)运营库连接池OpConnectionPool创建!
[2020-06-24 09:32:55,812]-[INFO]-CommuServer(879)通讯库连接池CmConnectionPool创建!
[2020-06-24 09:32:55,813]-[INFO]-CommuServer(889)票务库连接池TkConnectionPool创建!
[2020-06-24 09:32:55,814]-[INFO]-CommuServer(435)成功初始化数据库连接池!
[2020-06-24 09:32:55,814]-[INFO]-CommuServer(439)成功初始化线程池配置!
[2020-06-24 09:32:55,832]-[INFO]-CommuServer(443)成功初始化线程池监控配置!
[2020-06-24 09:32:55,845]-[INFO]-CommuServer(447)成功初始化设备参数版本查询配置!
[2020-06-24 09:32:55,845]-[INFO]-CommuServer(451)成功初始化参数自动下发配置!
[2020-06-24 09:32:55,845]-[INFO]-CommuServer(455)成功初始化启动选项控制!
[2020-06-24 09:32:55,846]-[INFO]-CommuServer(460)成功初始化FTP路径!
[2020-06-24 09:32:58,395]-[INFO]-CommuServer(919)运营时间:0205
[2020-06-24 09:32:59,276]-[INFO]-CommuServer(959)缺省消息最大处理时间60
[2020-06-24 09:32:59,339]-[INFO]-CommuServer(963)转存线程池状态表数据，共:0记录
[2020-06-24 09:32:59,507]-[INFO]-CommuServer(77)参数下发监听已启动 ...
[2020-06-24 09:32:59,564]-[INFO]-CommuThreadManager(43)3个处理线程已启动!
[2020-06-24 09:32:59,574]-[INFO]-CommuServer(375)缓存清理线程已启动 !
[2020-06-24 09:32:59,575]-[INFO]-CommuBufferClearThread(89)进站缓存清理开始...
[2020-06-24 09:32:59,589]-[INFO]-CommuServer(362)消息队列管理线程已启动!
[2020-06-24 09:32:59,630]-[INFO]-CommuConnectionPoolListener(78)OP运营库连接池监听线程已启动...
[2020-06-24 09:32:59,631]-[INFO]-CommuConnectionPoolListener(78)CM通讯库连接池监听线程已启动...
[2020-06-24 09:32:59,631]-[INFO]-CommuConnectionPoolListener(78)TK票务库连接池监听线程已启动...
[2020-06-24 09:32:59,631]-[INFO]-CommuServer(98)连接池监听正在启动 ...
[2020-06-24 09:32:59,638]-[INFO]-CommuServer(103)日志级别监听已启动 ...
[2020-06-24 09:32:59,688]-[INFO]-CommuServer(107)设备参数版本查询线程已启动 ...
[2020-06-24 09:32:59,719]-[INFO]-CommuBufferClearThread(96)出站缓存清理开始...
[2020-06-24 09:32:59,725]-[INFO]-CommuServer(368)线程池监控已启动 !
[2020-06-24 09:32:59,725]-[INFO]-CommuThreadPoolMonitor(40)线程池监听线程已启动...
[2020-06-24 09:33:00,087]-[INFO]-CommuServer(114)票务接口线程已启动 ...
[2020-06-24 09:33:00,201]-[INFO]-CommuServer(117)一卡通接口线程已启动 ...
[2020-06-24 09:33:00,201]-[INFO]-BusDataImportThread(44)------------------------与一卡通中心文件交互执行begin-------------------------
[2020-06-24 09:33:00,240]-[INFO]-CommuServer(124)TCC接口线程已启动 ...使用标识：1
[2020-06-24 09:33:00,265]-[INFO]-CommuServer(130)定时刷新缓存变量线程已启动 ...
[2020-06-24 09:33:00,279]-[INFO]-CommuServer(994)服务器正常启动！正在监听端口 : 5001
[2020-06-24 09:33:00,816]-[INFO]-CommuStopHook(21)Catch communication server stop event!
[2020-06-24 09:33:00,816]-[INFO]-CommuServer(251)通讯服务器正在准备停止...
[2020-06-24 09:33:00,816]-[INFO]-CommuServer(252)通讯服务器将在1分钟后停止...
[2020-06-24 09:33:00,949]-[ERROR]-CommuServer(153)Error -
java.net.SocketException: socket closed
	at java.net.DualStackPlainSocketImpl.accept0(Native Method)
	at java.net.DualStackPlainSocketImpl.socketAccept(DualStackPlainSocketImpl.java:131)
	at java.net.AbstractPlainSocketImpl.accept(AbstractPlainSocketImpl.java:409)
	at java.net.PlainSocketImpl.accept(PlainSocketImpl.java:199)
	at java.net.ServerSocket.implAccept(ServerSocket.java:545)
	at java.net.ServerSocket.accept(ServerSocket.java:513)
	at com.goldsign.commu.frame.server.CommuServer.startSocketListener(CommuServer.java:1000)
	at com.goldsign.commu.frame.server.CommuServer.start(CommuServer.java:139)
	at com.goldsign.commu.frame.server.CommuServer.main(CommuServer.java:59)
[2020-06-24 09:33:00,962]-[INFO]-CommuServer(164)程序结束处理 ...
[2020-06-24 09:33:21,943]-[ERROR]-BusDataImportThread(212)--FTP取一卡通结算文件出错:
java.net.ConnectException: Connection timed out: connect
	at java.net.DualStackPlainSocketImpl.connect0(Native Method)
	at java.net.DualStackPlainSocketImpl.socketConnect(DualStackPlainSocketImpl.java:79)
	at java.net.AbstractPlainSocketImpl.doConnect(AbstractPlainSocketImpl.java:350)
	at java.net.AbstractPlainSocketImpl.connectToAddress(AbstractPlainSocketImpl.java:206)
	at java.net.AbstractPlainSocketImpl.connect(AbstractPlainSocketImpl.java:188)
	at java.net.PlainSocketImpl.connect(PlainSocketImpl.java:172)
	at java.net.SocksSocketImpl.connect(SocksSocketImpl.java:392)
	at java.net.Socket.connect(Socket.java:589)
	at org.apache.commons.net.SocketClient.connect(SocketClient.java:163)
	at org.apache.commons.net.SocketClient.connect(SocketClient.java:184)
	at com.goldsign.commu.frame.thread.BusDataImportThread.ftpLogin(BusDataImportThread.java:464)
	at com.goldsign.commu.frame.thread.BusDataImportThread.getFile(BusDataImportThread.java:134)
	at com.goldsign.commu.frame.thread.BusDataImportThread.handle(BusDataImportThread.java:105)
	at com.goldsign.commu.frame.thread.BusDataImportThread.run(BusDataImportThread.java:53)
	at java.lang.Thread.run(Thread.java:748)
[2020-06-24 09:33:21,947]-[INFO]-BusDataImportThread(106)下载成功数量:0
[2020-06-24 09:33:22,007]-[INFO]-BusDataDao(33)banlanceWaterNo:2018093001,fileType:trx
[2020-06-24 09:33:22,231]-[WARN]-BusDataImportThread(280)--准备FTP登录一卡通中心上传文件.
[2020-06-24 09:33:22,232]-[INFO]-BusDataImportThread(311)--------地铁公交交易、清算文件目录未生成------------
[2020-06-24 09:33:22,237]-[INFO]-BusDataDao(33)banlanceWaterNo:2018112001,fileType:trx
[2020-06-24 09:33:22,241]-[WARN]-BusDataImportThread(280)--准备FTP登录一卡通中心上传文件.
[2020-06-24 09:33:22,241]-[INFO]-BusDataImportThread(311)--------地铁公交交易、清算文件目录未生成------------
[2020-06-24 09:33:22,245]-[INFO]-BusDataDao(33)banlanceWaterNo:2018122401,fileType:trx
[2020-06-24 09:33:22,250]-[WARN]-BusDataImportThread(280)--准备FTP登录一卡通中心上传文件.
[2020-06-24 09:33:22,250]-[INFO]-BusDataImportThread(311)--------地铁公交交易、清算文件目录未生成------------
[2020-06-24 09:33:22,253]-[INFO]-BusDataDao(33)banlanceWaterNo:2018123101,fileType:trx
[2020-06-24 09:33:22,259]-[WARN]-BusDataImportThread(280)--准备FTP登录一卡通中心上传文件.
[2020-06-24 09:33:22,259]-[INFO]-BusDataImportThread(311)--------地铁公交交易、清算文件目录未生成------------
[2020-06-24 09:33:22,263]-[INFO]-BusDataDao(33)banlanceWaterNo:2019010301,fileType:trx
[2020-06-24 09:33:22,269]-[WARN]-BusDataImportThread(280)--准备FTP登录一卡通中心上传文件.
[2020-06-24 09:33:22,270]-[INFO]-BusDataImportThread(311)--------地铁公交交易、清算文件目录未生成------------
[2020-06-24 09:33:22,275]-[INFO]-BusDataDao(33)banlanceWaterNo:2019010401,fileType:trx
[2020-06-24 09:33:22,279]-[WARN]-BusDataImportThread(280)--准备FTP登录一卡通中心上传文件.
[2020-06-24 09:33:22,279]-[INFO]-BusDataImportThread(311)--------地铁公交交易、清算文件目录未生成------------
[2020-06-24 09:33:22,284]-[INFO]-BusDataDao(33)banlanceWaterNo:2019010501,fileType:trx
[2020-06-24 09:33:22,288]-[WARN]-BusDataImportThread(280)--准备FTP登录一卡通中心上传文件.
[2020-06-24 09:33:22,288]-[INFO]-BusDataImportThread(311)--------地铁公交交易、清算文件目录未生成------------
[2020-06-24 09:33:22,293]-[INFO]-BusDataDao(33)banlanceWaterNo:2019010601,fileType:trx
[2020-06-24 09:33:22,297]-[WARN]-BusDataImportThread(280)--准备FTP登录一卡通中心上传文件.
[2020-06-24 09:33:22,298]-[INFO]-BusDataImportThread(311)--------地铁公交交易、清算文件目录未生成------------
[2020-06-24 09:33:22,302]-[INFO]-BusDataDao(33)banlanceWaterNo:2019011001,fileType:trx
[2020-06-24 09:33:22,306]-[WARN]-BusDataImportThread(280)--准备FTP登录一卡通中心上传文件.
[2020-06-24 09:33:22,307]-[INFO]-BusDataImportThread(311)--------地铁公交交易、清算文件目录未生成------------
[2020-06-24 09:33:22,313]-[INFO]-BusDataDao(33)banlanceWaterNo:2019032001,fileType:trx
[2020-06-24 09:33:22,327]-[WARN]-BusDataImportThread(280)--准备FTP登录一卡通中心上传文件.
[2020-06-24 09:33:22,327]-[INFO]-BusDataImportThread(311)--------地铁公交交易、清算文件目录未生成------------
[2020-06-24 09:33:22,332]-[INFO]-BusDataDao(33)banlanceWaterNo:2019071801,fileType:trx
[2020-06-24 09:33:22,335]-[WARN]-BusDataImportThread(280)--准备FTP登录一卡通中心上传文件.
[2020-06-24 09:33:22,335]-[INFO]-BusDataImportThread(311)--------地铁公交交易、清算文件目录未生成------------
[2020-06-24 09:33:22,342]-[INFO]-BusDataDao(33)banlanceWaterNo:2019072301,fileType:trx
[2020-06-24 09:33:22,346]-[WARN]-BusDataImportThread(280)--准备FTP登录一卡通中心上传文件.
[2020-06-24 09:33:22,346]-[INFO]-BusDataImportThread(311)--------地铁公交交易、清算文件目录未生成------------
[2020-06-24 09:33:22,351]-[INFO]-BusDataDao(33)banlanceWaterNo:2019082701,fileType:trx
[2020-06-24 09:33:22,355]-[WARN]-BusDataImportThread(280)--准备FTP登录一卡通中心上传文件.
[2020-06-24 09:33:22,355]-[INFO]-BusDataImportThread(311)--------地铁公交交易、清算文件目录未生成------------
[2020-06-24 09:33:22,359]-[INFO]-BusDataDao(33)banlanceWaterNo:2019100701,fileType:trx
[2020-06-24 09:33:22,362]-[WARN]-BusDataImportThread(280)--准备FTP登录一卡通中心上传文件.
[2020-06-24 09:33:22,363]-[INFO]-BusDataImportThread(311)--------地铁公交交易、清算文件目录未生成------------
[2020-06-24 09:33:22,368]-[INFO]-BusDataDao(33)banlanceWaterNo:2019103101,fileType:trx
[2020-06-24 09:33:22,371]-[WARN]-BusDataImportThread(280)--准备FTP登录一卡通中心上传文件.
[2020-06-24 09:33:22,372]-[INFO]-BusDataImportThread(311)--------地铁公交交易、清算文件目录未生成------------
[2020-06-24 09:33:22,379]-[INFO]-BusDataDao(33)banlanceWaterNo:2019111601,fileType:trx
[2020-06-24 09:33:22,382]-[WARN]-BusDataImportThread(280)--准备FTP登录一卡通中心上传文件.
[2020-06-24 09:33:22,383]-[INFO]-BusDataImportThread(311)--------地铁公交交易、清算文件目录未生成------------
[2020-06-24 09:33:22,387]-[INFO]-BusDataDao(33)banlanceWaterNo:2019111701,fileType:trx
[2020-06-24 09:33:22,390]-[WARN]-BusDataImportThread(280)--准备FTP登录一卡通中心上传文件.
[2020-06-24 09:33:22,390]-[INFO]-BusDataImportThread(311)--------地铁公交交易、清算文件目录未生成------------
[2020-06-24 09:33:22,399]-[INFO]-BusDataDao(33)banlanceWaterNo:2019111801,fileType:trx
[2020-06-24 09:33:22,404]-[WARN]-BusDataImportThread(280)--准备FTP登录一卡通中心上传文件.
[2020-06-24 09:33:22,404]-[INFO]-BusDataImportThread(311)--------地铁公交交易、清算文件目录未生成------------
[2020-06-24 09:33:22,412]-[INFO]-BusDataDao(33)banlanceWaterNo:2019111901,fileType:trx
[2020-06-24 09:33:22,416]-[WARN]-BusDataImportThread(280)--准备FTP登录一卡通中心上传文件.
[2020-06-24 09:33:22,416]-[INFO]-BusDataImportThread(311)--------地铁公交交易、清算文件目录未生成------------
[2020-06-24 09:33:22,420]-[INFO]-BusDataDao(33)banlanceWaterNo:2019121301,fileType:trx
[2020-06-24 09:33:22,424]-[WARN]-BusDataImportThread(280)--准备FTP登录一卡通中心上传文件.
[2020-06-24 09:33:22,424]-[INFO]-BusDataImportThread(311)--------地铁公交交易、清算文件目录未生成------------
[2020-06-24 09:33:22,428]-[INFO]-BusDataDao(33)banlanceWaterNo:2019121701,fileType:trx
[2020-06-24 09:33:22,432]-[WARN]-BusDataImportThread(280)--准备FTP登录一卡通中心上传文件.
[2020-06-24 09:33:22,433]-[INFO]-BusDataImportThread(311)--------地铁公交交易、清算文件目录未生成------------
[2020-06-24 09:33:22,444]-[INFO]-BusDataDao(33)banlanceWaterNo:2019122301,fileType:trx
[2020-06-24 09:33:22,449]-[WARN]-BusDataImportThread(280)--准备FTP登录一卡通中心上传文件.
[2020-06-24 09:33:22,449]-[INFO]-BusDataImportThread(311)--------地铁公交交易、清算文件目录未生成------------
[2020-06-24 09:33:22,453]-[INFO]-BusDataDao(33)banlanceWaterNo:2019122401,fileType:trx
[2020-06-24 09:33:22,457]-[WARN]-BusDataImportThread(280)--准备FTP登录一卡通中心上传文件.
[2020-06-24 09:33:22,457]-[INFO]-BusDataImportThread(311)--------地铁公交交易、清算文件目录未生成------------
[2020-06-24 09:33:22,462]-[INFO]-BusDataDao(33)banlanceWaterNo:2019122501,fileType:trx
[2020-06-24 09:33:22,466]-[WARN]-BusDataImportThread(280)--准备FTP登录一卡通中心上传文件.
[2020-06-24 09:33:22,466]-[INFO]-BusDataImportThread(311)--------地铁公交交易、清算文件目录未生成------------
[2020-06-24 09:33:22,471]-[INFO]-BusDataDao(33)banlanceWaterNo:2019122601,fileType:trx
[2020-06-24 09:33:22,475]-[WARN]-BusDataImportThread(280)--准备FTP登录一卡通中心上传文件.
[2020-06-24 09:33:22,475]-[INFO]-BusDataImportThread(311)--------地铁公交交易、清算文件目录未生成------------
[2020-06-24 09:33:22,480]-[INFO]-BusDataDao(33)banlanceWaterNo:2019122701,fileType:trx
[2020-06-24 09:33:22,484]-[WARN]-BusDataImportThread(280)--准备FTP登录一卡通中心上传文件.
[2020-06-24 09:33:22,484]-[INFO]-BusDataImportThread(311)--------地铁公交交易、清算文件目录未生成------------
[2020-06-24 09:33:22,488]-[INFO]-BusDataDao(33)banlanceWaterNo:2019122801,fileType:trx
[2020-06-24 09:33:22,492]-[WARN]-BusDataImportThread(280)--准备FTP登录一卡通中心上传文件.
[2020-06-24 09:33:22,493]-[INFO]-BusDataImportThread(311)--------地铁公交交易、清算文件目录未生成------------
[2020-06-24 09:33:22,497]-[INFO]-BusDataDao(33)banlanceWaterNo:2019122901,fileType:trx
[2020-06-24 09:33:22,500]-[WARN]-BusDataImportThread(280)--准备FTP登录一卡通中心上传文件.
[2020-06-24 09:33:22,501]-[INFO]-BusDataImportThread(311)--------地铁公交交易、清算文件目录未生成------------
[2020-06-24 09:33:22,504]-[INFO]-BusDataDao(33)banlanceWaterNo:2020011301,fileType:trx
[2020-06-24 09:33:22,508]-[WARN]-BusDataImportThread(280)--准备FTP登录一卡通中心上传文件.
[2020-06-24 09:33:22,508]-[INFO]-BusDataImportThread(311)--------地铁公交交易、清算文件目录未生成------------
[2020-06-24 09:33:22,512]-[INFO]-BusDataDao(33)banlanceWaterNo:2020030401,fileType:trx
[2020-06-24 09:33:22,516]-[WARN]-BusDataImportThread(280)--准备FTP登录一卡通中心上传文件.
[2020-06-24 09:33:22,516]-[INFO]-BusDataImportThread(311)--------地铁公交交易、清算文件目录未生成------------
[2020-06-24 09:33:22,523]-[INFO]-BusDataDao(33)banlanceWaterNo:2020042201,fileType:trx
[2020-06-24 09:33:22,527]-[WARN]-BusDataImportThread(280)--准备FTP登录一卡通中心上传文件.
[2020-06-24 09:33:22,528]-[INFO]-BusDataImportThread(311)--------地铁公交交易、清算文件目录未生成------------
[2020-06-24 09:33:22,528]-[INFO]-BusDataImportThread(61)------------------------与一卡通中心文件交互执行end---