[2020-06-19 17:46:03,054]-[INFO]-CommuServer(389)日志配置设置成功!
[2020-06-19 17:46:03,214]-[INFO]-CommuServer(398)成功解析配置文件：CommuConfig.xml
[2020-06-19 17:46:03,224]-[INFO]-CommuServer(488)日志备份
[2020-06-19 17:46:03,224]-[INFO]-CommuServer(405)成功初始化socket配置!
[2020-06-19 17:46:03,234]-[INFO]-CommuServer(409)成功初始化客流配置!
[2020-06-19 17:46:03,234]-[INFO]-CommuServer(413)成功初始化线程监控配置!
[2020-06-19 17:46:03,234]-[INFO]-CommuServer(417)成功初始化初始化参数下发配置!
[2020-06-19 17:46:03,234]-[INFO]-CommuServer(421)成功初始化应用相关配置!
[2020-06-19 17:46:03,234]-[INFO]-CommuServer(689)FtpLocalDir:E:/ftpClient/ACCCommu/receive
[2020-06-19 17:46:03,234]-[INFO]-CommuServer(702)BusFtpLocalDir:E:/ftpClient/ACCCommu/import
[2020-06-19 17:46:03,234]-[INFO]-CommuServer(425)成功初始化FTP配置!
[2020-06-19 17:46:03,404]-[INFO]-CommuServer(867)运营库连接池OpConnectionPool创建!
[2020-06-19 17:46:03,404]-[INFO]-CommuServer(879)通讯库连接池CmConnectionPool创建!
[2020-06-19 17:46:03,404]-[INFO]-CommuServer(889)票务库连接池TkConnectionPool创建!
[2020-06-19 17:46:03,414]-[INFO]-CommuServer(435)成功初始化数据库连接池!
[2020-06-19 17:46:03,414]-[INFO]-CommuServer(439)成功初始化线程池配置!
[2020-06-19 17:46:03,414]-[INFO]-CommuServer(443)成功初始化线程池监控配置!
[2020-06-19 17:46:03,414]-[INFO]-CommuServer(447)成功初始化设备参数版本查询配置!
[2020-06-19 17:46:03,414]-[INFO]-CommuServer(451)成功初始化参数自动下发配置!
[2020-06-19 17:46:03,414]-[INFO]-CommuServer(455)成功初始化启动选项控制!
[2020-06-19 17:46:03,414]-[INFO]-CommuServer(460)成功初始化FTP路径!
[2020-06-19 17:46:06,174]-[INFO]-CommuServer(919)运营时间:0205
[2020-06-19 17:46:06,954]-[INFO]-CommuServer(959)缺省消息最大处理时间60
[2020-06-19 17:46:07,084]-[INFO]-CommuServer(963)转存线程池状态表数据，共:1记录
[2020-06-19 17:46:07,164]-[INFO]-CommuServer(77)参数下发监听已启动 ...
[2020-06-19 17:46:07,174]-[INFO]-CommuThreadManager(43)3个处理线程已启动!
[2020-06-19 17:46:07,174]-[INFO]-CommuServer(375)缓存清理线程已启动 !
[2020-06-19 17:46:07,174]-[INFO]-CommuServer(362)消息队列管理线程已启动!
[2020-06-19 17:46:07,174]-[INFO]-CommuBufferClearThread(89)进站缓存清理开始...
[2020-06-19 17:46:07,174]-[INFO]-CommuServer(98)连接池监听正在启动 ...
[2020-06-19 17:46:07,174]-[INFO]-CommuServer(103)日志级别监听已启动 ...
[2020-06-19 17:46:07,174]-[INFO]-CommuBufferClearThread(96)出站缓存清理开始...
[2020-06-19 17:46:07,174]-[INFO]-CommuServer(107)设备参数版本查询线程已启动 ...
[2020-06-19 17:46:07,174]-[INFO]-CommuServer(368)线程池监控已启动 !
[2020-06-19 17:46:07,174]-[INFO]-CommuConnectionPoolListener(78)CM通讯库连接池监听线程已启动...
[2020-06-19 17:46:07,184]-[INFO]-CommuConnectionPoolListener(78)OP运营库连接池监听线程已启动...
[2020-06-19 17:46:07,184]-[INFO]-CommuConnectionPoolListener(78)TK票务库连接池监听线程已启动...
[2020-06-19 17:46:07,184]-[INFO]-CommuThreadPoolMonitor(40)线程池监听线程已启动...
[2020-06-19 17:46:07,194]-[INFO]-CommuServer(114)票务接口线程已启动 ...
[2020-06-19 17:46:07,194]-[INFO]-CommuServer(117)一卡通接口线程已启动 ...
[2020-06-19 17:46:07,194]-[INFO]-CommuServer(124)TCC接口线程已启动 ...使用标识：1
[2020-06-19 17:46:07,194]-[INFO]-CommuServer(130)定时刷新缓存变量线程已启动 ...
[2020-06-19 17:46:07,204]-[INFO]-BusDataImportThread(44)------------------------与一卡通中心文件交互执行begin-------------------------
[2020-06-19 17:46:07,564]-[INFO]-CommuServer(994)服务器正常启动！正在监听端口 : 5001
[2020-06-19 17:46:28,604]-[ERROR]-BusDataImportThread(212)--FTP取一卡通结算文件出错:
java.net.ConnectException: Connection timed out: connect
	at java.net.DualStackPlainSocketImpl.connect0(Native Method)
	at java.net.DualStackPlainSocketImpl.socketConnect(DualStackPlainSocketImpl.java:79)
	at java.net.AbstractPlainSocketImpl.doConnect(AbstractPlainSocketImpl.java:350)
	at java.net.AbstractPlainSocketImpl.connectToAddress(AbstractPlainSocketImpl.java:206)
	at java.net.AbstractPlainSocketImpl.connect(AbstractPlainSocketImpl.java:188)
	at java.net.PlainSocketImpl.connect(PlainSocketImpl.java:172)
	at java.net.SocksSocketImpl.connect(SocksSocketImpl.java:392)
	at java.net.Socket.connect(Socket.java:589)
	at org.apache.commons.net.SocketClient.connect(SocketClient.java:163)
	at org.apache.commons.net.SocketClient.connect(SocketClient.java:184)
	at com.goldsign.commu.frame.thread.BusDataImportThread.ftpLogin(BusDataImportThread.java:464)
	at com.goldsign.commu.frame.thread.BusDataImportThread.getFile(BusDataImportThread.java:134)
	at com.goldsign.commu.frame.thread.BusDataImportThread.handle(BusDataImportThread.java:105)
	at com.goldsign.commu.frame.thread.BusDataImportThread.run(BusDataImportThread.java:53)
	at java.lang.Thread.run(Thread.java:748)
[2020-06-19 17:46:28,604]-[INFO]-BusDataImportThread(106)下载成功数量:0
[2020-06-19 17:46:28,634]-[INFO]-BusDataDao(33)banlanceWaterNo:2018093001,fileType:trx
[2020-06-19 17:46:28,644]-[WARN]-BusDataImportThread(280)--准备FTP登录一卡通中心上传文件.
[2020-06-19 17:46:28,644]-[INFO]-BusDataImportThread(311)--------地铁公交交易、清算文件目录未生成------------
[2020-06-19 17:46:28,644]-[INFO]-BusDataDao(33)banlanceWaterNo:2018112001,fileType:trx
[2020-06-19 17:46:28,644]-[WARN]-BusDataImportThread(280)--准备FTP登录一卡通中心上传文件.
[2020-06-19 17:46:28,654]-[INFO]-BusDataImportThread(311)--------地铁公交交易、清算文件目录未生成------------
[2020-06-19 17:46:28,654]-[INFO]-BusDataDao(33)banlanceWaterNo:2018122401,fileType:trx
[2020-06-19 17:46:28,654]-[WARN]-BusDataImportThread(280)--准备FTP登录一卡通中心上传文件.
[2020-06-19 17:46:28,654]-[INFO]-BusDataImportThread(311)--------地铁公交交易、清算文件目录未生成------------
[2020-06-19 17:46:28,664]-[INFO]-BusDataDao(33)banlanceWaterNo:2018123101,fileType:trx
[2020-06-19 17:46:28,674]-[WARN]-BusDataImportThread(280)--准备FTP登录一卡通中心上传文件.
[2020-06-19 17:46:28,674]-[INFO]-BusDataImportThread(311)--------地铁公交交易、清算文件目录未生成------------
[2020-06-19 17:46:28,674]-[INFO]-BusDataDao(33)banlanceWaterNo:2019010301,fileType:trx
[2020-06-19 17:46:28,684]-[WARN]-BusDataImportThread(280)--准备FTP登录一卡通中心上传文件.
[2020-06-19 17:46:28,684]-[INFO]-BusDataImportThread(311)--------地铁公交交易、清算文件目录未生成------------
[2020-06-19 17:46:28,684]-[INFO]-BusDataDao(33)banlanceWaterNo:2019010401,fileType:trx
[2020-06-19 17:46:28,694]-[WARN]-BusDataImportThread(280)--准备FTP登录一卡通中心上传文件.
[2020-06-19 17:46:28,694]-[INFO]-BusDataImportThread(311)--------地铁公交交易、清算文件目录未生成------------
[2020-06-19 17:46:28,694]-[INFO]-BusDataDao(33)banlanceWaterNo:2019010501,fileType:trx
[2020-06-19 17:46:28,694]-[WARN]-BusDataImportThread(280)--准备FTP登录一卡通中心上传文件.
[2020-06-19 17:46:28,694]-[INFO]-BusDataImportThread(311)--------地铁公交交易、清算文件目录未生成------------
[2020-06-19 17:46:28,704]-[INFO]-BusDataDao(33)banlanceWaterNo:2019010601,fileType:trx
[2020-06-19 17:46:28,704]-[WARN]-BusDataImportThread(280)--准备FTP登录一卡通中心上传文件.
[2020-06-19 17:46:28,704]-[INFO]-BusDataImportThread(311)--------地铁公交交易、清算文件目录未生成------------
[2020-06-19 17:46:28,714]-[INFO]-BusDataDao(33)banlanceWaterNo:2019011001,fileType:trx
[2020-06-19 17:46:28,714]-[WARN]-BusDataImportThread(280)--准备FTP登录一卡通中心上传文件.
[2020-06-19 17:46:28,714]-[INFO]-BusDataImportThread(311)--------地铁公交交易、清算文件目录未生成------------
[2020-06-19 17:46:28,714]-[INFO]-BusDataDa