[2019-05-10 15:54:17,775]-[INFO]-CommuServer(403)日志配置设置成功!
[2019-05-10 15:54:30,040]-[INFO]-CommuServer(412)成功解析配置文件：CommuConfig.xml
[2019-05-10 15:54:30,041]-[INFO]-CommuServer(502)日志备份
[2019-05-10 15:54:30,041]-[INFO]-CommuServer(419)成功初始化socket配置!
[2019-05-10 15:54:30,047]-[INFO]-CommuServer(423)成功初始化客流配置!
[2019-05-10 15:54:30,059]-[INFO]-CommuServer(427)成功初始化线程监控配置!
[2019-05-10 15:54:30,059]-[INFO]-CommuServer(431)成功初始化初始化参数下发配置!
[2019-05-10 15:54:30,060]-[INFO]-CommuServer(435)成功初始化应用相关配置!
[2019-05-10 15:54:30,060]-[INFO]-CommuServer(703)FtpLocalDir:D:/ftpClient/ACCCommu/receive
[2019-05-10 15:54:58,520]-[INFO]-CommuServer(716)BusFtpLocalDir:D:/ftpClient/ACCCommu/import
[2019-05-10 15:54:58,521]-[INFO]-CommuServer(439)成功初始化FTP配置!
[2019-05-10 15:54:58,958]-[INFO]-CommuServer(881)运营库连接池OpConnectionPool创建!
[2019-05-10 15:54:58,958]-[INFO]-CommuServer(893)通讯库连接池CmConnectionPool创建!
[2019-05-10 15:54:58,959]-[INFO]-CommuServer(903)票务库连接池TkConnectionPool创建!
[2019-05-10 15:54:58,959]-[INFO]-CommuServer(449)成功初始化数据库连接池!
[2019-05-10 15:54:58,959]-[INFO]-CommuServer(453)成功初始化线程池配置!
[2019-05-10 15:54:58,970]-[INFO]-CommuServer(457)成功初始化socket配置!
[2019-05-10 15:54:58,983]-[INFO]-CommuServer(461)成功初始化设备参数版本查询配置!
[2019-05-10 15:54:58,984]-[INFO]-CommuServer(465)成功初始化参数自动下发配置!
[2019-05-10 15:54:58,985]-[INFO]-CommuServer(469)成功初始化启动选项控制!
[2019-05-10 15:54:58,985]-[INFO]-CommuServer(474)成功初始化FTP路径!
[2019-05-10 15:55:00,883]-[INFO]-CommuServer(933)运营时间:0205
[2019-05-10 15:55:01,711]-[INFO]-CommuServer(965)缺省消息最大处理时间60
[2019-05-10 15:55:01,868]-[INFO]-CommuServer(969)转存线程池状态表数据，共:2记录
[2019-05-10 15:55:01,914]-[INFO]-CommuServer(99)参数下发监听已启动 ...
[2019-05-10 15:55:01,920]-[INFO]-CommuThreadManager(43)2个处理线程已启动!
[2019-05-10 15:55:01,957]-[INFO]-CommuServer(389)缓存清理线程已启动 !
[2019-05-10 15:55:01,958]-[INFO]-CommuBufferClearThread(89)进站缓存清理开始...
[2019-05-10 15:55:01,980]-[INFO]-CommuBufferClearThread(96)出站缓存清理开始...
[2019-05-10 15:55:01,984]-[INFO]-CommuServer(376)消息队列管理线程已启动!
[2019-05-10 15:55:01,989]-[INFO]-CommuConnectionPoolListener(78)OP运营库连接池监听线程已启动...
[2019-05-10 15:55:02,009]-[INFO]-CommuConnectionPoolListener(78)TK票务库连接池监听线程已启动...
[2019-05-10 15:55:02,009]-[INFO]-CommuConnectionPoolListener(78)CM通讯库连接池监听线程已启动...
[2019-05-10 15:55:01,989]-[INFO]-CommuServer(120)连接池监听正在启动 ...
[2019-05-10 15:55:02,011]-[INFO]-CommuServer(125)日志级别监听已启动 ...
[2019-05-10 15:55:02,015]-[INFO]-CommuServer(129)设备参数版本查询线程已启动 ...
[2019-05-10 15:55:02,018]-[INFO]-CommuServer(382)线程池监控已启动 !
[2019-05-10 15:55:02,021]-[INFO]-CommuThreadPoolMonitor(40)线程池监听线程已启动...
[2019-05-10 15:55:02,171]-[INFO]-CommuServer(136)票务接口线程已启动 ...
[2019-05-10 15:55:02,178]-[INFO]-CommuServer(139)一卡通接口线程已启动 ...
[2019-05-10 15:55:02,178]-[INFO]-BusDataImportThread(44)------------------------与一卡通中心文件交互执行begin-------------------------
[2019-05-10 15:55:02,180]-[INFO]-CommuServer(145)定时刷新缓存变量线程已启动 ...
[2019-05-10 15:55:02,205]-[INFO]-CommuServer(1000)服务器正常启动！正在监听端口 : 5001
[2019-05-10 15:55:23,269]-[ERROR]-BusDataImportThread(211)--FTP取一卡通结算文件出错:
java.net.ConnectException: Connection timed out: connect
	at java.net.DualStackPlainSocketImpl.connect0(Native Method)
	at java.net.DualStackPlainSocketImpl.socketConnect(DualStackPlainSocketImpl.java:79)
	at java.net.AbstractPlainSocketImpl.doConnect(AbstractPlainSocketImpl.java:350)
	at java.net.AbstractPlainSocketImpl.connectToAddress(AbstractPlainSocketImpl.java:206)
	at java.net.AbstractPlainSocketImpl.connect(AbstractPlainSocketImpl.java:188)
	at java.net.PlainSocketImpl.connect(PlainSocketImpl.java:172)
	at java.net.SocksSocketImpl.connect(SocksSocketImpl.java:392)
	at java.net.Socket.connect(Socket.java:589)
	at org.apache.commons.net.SocketClient.connect(SocketClient.java:163)
	at org.apache.commons.net.SocketClient.connect(SocketClient.java:184)
	at com.goldsign.commu.frame.thread.BusDataImportThread.ftpLogin(BusDataImportThread.java:463)
	at com.goldsign.commu.frame.thread.BusDataImportThread.getFile(BusDataImportThread.java:133)
	at com.goldsign.commu.frame.thread.BusDataImportThread.handle(BusDataImportThread.java:104)
	at com.goldsign.commu.frame.thread.BusDataImportThread.run(BusDataImportThread.java:52)
	at java.lang.Thread.run(Thread.java:748)
[2019-05-10 15:55:23,275]-[INFO]-BusDataImportThread(105)下载成功数量:0
[2019-05-10 15:55:23,415]-[INFO]-BusDataDao(33)banlanceWaterNo:2018093001,fileType:trx
[2019-05-10 15:55:23,418]-[WARN]-BusDataImportThread(279)--准备FTP登录一卡通中心上传文件.
[2019-05-10 15:55:23,418]-[INFO]-BusDataImportThread(310)--------地铁公交交易、清算文件目录未生成------------
[2019-05-10 15:55:23,422]-[INFO]-BusDataDao(33)banlanceWaterNo:2018112001,fileType:trx
[2019-05-10 15:55:23,424]-[WARN]-BusDataImportThread(279)--准备FTP登录一卡通中心上传文件.
[2019-05-10 15:55:23,425]-[INFO]-BusDataImportThread(310)--------地铁公交交易、清算文件目录未生成------------
[2019-05-10 15:55:23,427]-[INFO]-BusDataDao(33)banlanceWaterNo:2018122401,fileType:trx
[2019-05-10 15:55:23,429]-[WARN]-BusDataImportThread(279)--准备FTP登录一卡通中心上传文件.
[2019-05-10 15:55:23,429]-[INFO]-BusDataImportThread(310)--------地铁公交交易、清算文件目录未生成------------
[2019-05-10 15:55:23,431]-[INFO]-BusDataDao(33)banlanceWaterNo:2018123101,fileType:trx
[2019-05-10 15:55:23,433]-[WARN]-BusDataImportThread(279)--准备FTP登录一卡通中心上传文件.
[2019-05-10 15:55:23,433]-[INFO]-BusDataImportThread(310)--------地铁公交交易、清算文件目录未生成------------
[2019-05-10 15:55:23,436]-[INFO]-BusDataDao(33)banlanceWaterNo:2019010301,fileType:trx
[2019-05-10 15:55:23,437]-[WARN]-BusDataImportThread(279)--准备FTP登录一卡通中心上传文件.
[2019-05-10 15:55:23,438]-[INFO]-BusDataImportThread(310)--------地铁公交交易、清算文件目录未生成------------
[2019-05-10 15:55:23,440]-[INFO]-BusDataDao(33)banlanceWaterNo:2019010501,fileType:trx
[2019-05-10 15:55:23,442]-[WARN]-BusDataImportThread(279)--准备FTP登录一卡通中心上传文件.
[2019-05-10 15:55:23,442]-[INFO]-BusDataImportThread(310)--------地铁公交交易、清算文件目录未生成------------
[2019-05-10 15:55:23,446]-[INFO]-BusDataDao(33)banlanceWaterNo:2019010601,fileType:trx
[2019-05-10 15:55:23,448]-[WARN]-BusDataImportThread(279)--准备FTP登录一卡通中心上传文件.
[2019-05-10 15:55:23,449]-[INFO]-BusDataImportThread(310)--------地铁公交交易、清算文件目录未生成------------
[2019-05-10 15:55:23,451]-[INFO]-BusDataDao(33)banlanceWaterNo:2019011001,fileType:trx
[2019-05-10 15:55:23,454]-[WARN]-BusDataImportThread(279)--准备FTP登录一卡通中心上传文件.
[2019-05-10 15:55:23,454]-[INFO]-BusDataImportThread(310)--------地铁公交交易、清算文件目录未生成------------
[2019-05-10 15:55:23,457]-[INFO]-BusDataDao(33)banlanceWaterNo:2019032001,fileType:trx
[2019-05-10 15:55:23,459]-[WARN]-BusDataImportThread(279)--准备FTP登录一卡通中心上传文件.
[2019-05-10 15:55:23,459]-[INFO]-BusDataImportThread(310)--------地铁公交交易、清算文件目录未生成------------
[2019-05-10 15:55:23,460]-[INFO]-BusDataImportThread(60)------------------------与一卡通中心文件交互执行end-------------------------
[2019-05-10 15:56:02,189]-[INFO]-RefreshCacheThread(43)运营时间:0205
[2019-05-10 15:57:02,229]-[INFO]-RefreshCacheThread(43)运营时间:0205
[2019-05-10 15:58:18,754]-[INFO]-RefreshCacheThread(43)运营时间:0205
[2019-05-10 16:01:51,858]-[INFO]-BusDataImportThread(44)------------------------与一卡通中心文件交互执行begin-------------------------
[2019-05-10 16:02:00,557]-[INFO]-CommuConnectionPoolListener(301)TK票务库数据库异常,错误代码:17002 消息:
java.sql.SQLRecoverableException: IO 错误: Connection reset
	at oracle.jdbc.driver.T4CConnection.logon(T4CConnection.java:421)
	at oracle.jdbc.driver.PhysicalConnection.<init>(PhysicalConnection.java:531)
	at oracle.jdbc.driver.T4CConnection.<init>(T4CConnection.java:221)
	at oracle.jdbc.driver.T4CDriverExtension.getConnection(T4CDriverExtension.java:32)
	at oracle.jdbc.driver.OracleDriver.connect(OracleDriver.java:503)
	at java.sql.DriverManager.getConnection(DriverManager.java:664)
	at java.sql.DriverManager.getConnection(DriverManager.java:247)
	at com.goldsign.commu.frame.listener.CommuConnectionPoolListener.testConnection(CommuConnectionPoolListener.java:290)
	at com.goldsign.commu.frame.listener.CommuConnectionPoolListener.testConnectionPools(CommuConnectionPoolListener.java:162)
	at com.goldsign.commu.frame.listener.CommuConnectionPoolListener.run(CommuConnectionPoolListener.java:82)
Caused by: java.net.SocketException: Connection reset
	at java.net.SocketInputStream.read(SocketInputStream.java:210)
	at java.net.SocketInputStream.read(SocketInputStream.java:141)
	at oracle.net.ns.Packet.receive(Packet.java:282)
	at oracle.net.ns.NSProtocol.connect(NSProtocol.java:286)
	at oracle.jdbc.driver.T4CConnection.connect(T4CConnection.java:1042)
	at oracle.jdbc.driver.T4CConnection.logon(T4CConnection.java:301)
	... 9 more
[2019-05-10 16:02:00,571]-[ERROR]-CommuServer(174)Error -
java.net.SocketException: socket closed
	at java.net.DualStackPlainSocketImpl.accept0(Native Method)
	at java.net.DualStackPlainSocketImpl.socketAccept(DualStackPlainSocketImpl.java:131)
	at java.net.AbstractPlainSocketImpl.accept(AbstractPlainSocketImpl.java:409)
	at java.net.PlainSocketImpl.accept(PlainSocketImpl.java:199)
	at java.net.ServerSocket.implAccept(ServerSocket.java:545)
	at java.net.ServerSocket.accept(ServerSocket.java:513)
	at com.goldsign.commu.frame.server.CommuServer.startSocketListener(CommuServer.java:1006)
	at com.goldsign.commu.frame.server.CommuServer.start(CommuServer.java:159)
	at com.goldsign.commu.frame.server.CommuServer.main(CommuServer.java:81)
[2019-05-10 16:02:00,557]-[INFO]-CommuConnectionPoolListener(301)OP运营库数据库异常,错误代码:17002 消息:
java.sql.SQLRecoverableException: IO 错误: Connection reset
	at oracle.jdbc.driver.T4CConnection.logon(T4CConnection.java:421)
	at oracle.jdbc.driver.PhysicalConnection.<init>(PhysicalConnection.java:531)
	at oracle.jdbc.driver.T4CConnection.<init>(T4CConnection.java:221)
	at oracle.jdbc.driver.T4CDriverExtension.getConnection(T4CDriverExtension.java:32)
	at oracle.jdbc.driver.OracleDriver.connect(OracleDriver.java:503)
	at java.sql.DriverManager.getConnection(DriverManager.java:664)
	at java.sql.DriverManager.getConnection(DriverManager.java:247)
	at com.goldsign.commu.frame.listener.CommuConnectionPoolListener.testConnection(CommuConnectionPoolListener.java:290)
	at com.goldsign.commu.frame.listener.CommuConnectionPoolListener.testConnectionPools(CommuConnectionPoolListener.java:162)
	at com.goldsign.commu.frame.listener.CommuConnectionPoolListener.run(CommuConnectionPoolListener.java:82)
Caused by: java.net.SocketException: Connection reset
	at java.net.SocketInputStream.read(SocketInputStream.java:210)
	at java.net.SocketInputStream.read(SocketInputStream.java:141)
	at oracle.net.ns.Packet.receive(Packet.java:282)
	at oracle.net.ns.NSProtocol.connect(NSProtocol.java:286)
	at oracle.jdbc.driver.T4CConnection.connect(T4CConnection.java:1042)
	at oracle.jdbc.driver.T4CConnection.logon(T4CConnection.java:301)
	... 9 more
[2019-05-10 16:02:00,557]-[INFO]-CommuConnectionPoolListener(301)CM通讯库数据库异常,错误代码:17002 消息:
java.sql.SQLRecoverableException: IO 错误: Connection reset
	at oracle.jdbc.driver.T4CConnection.logon(T4CConnection.java:421)
	at oracle.jdbc.driver.PhysicalConnection.<init>(PhysicalConnection.java:531)
	at oracle.jdbc.driver.T4CConnection.<init>(T4CConnection.java:221)
	at oracle.jdbc.driver.T4CDriverExtension.getConnection(T4CDriverExtension.java:32)
	at oracle.jdbc.driver.OracleDriver.connect(OracleDriver.java:503)
	at java.sql.DriverManager.getConnection(DriverManager.java:664)
	at java.sql.DriverManager.getConnection(DriverManager.java:247)
	at com.goldsign.commu.frame.listener.CommuConnectionPoolListener.testConnection(CommuConnectionPoolListener.java:290)
	at com.goldsign.commu.frame.listener.CommuConnectionPoolListener.testConnectionPools(CommuConnectionPoolListener.java:162)
	at com.goldsign.commu.frame.listener.CommuConnectionPoolListener.run(CommuConnectionPoolListener.java:82)
Caused by: java.net.SocketException: Connection reset
	at java.net.SocketInputStream.read(SocketInputStream.java:210)
	at java.net.SocketInputStream.read(SocketInputStream.java:141)
	at oracle.net.ns.Packet.receive(Packet.java:282)
	at oracle.net.ns.NSProtocol.connect(NSProtocol.java:286)
	at oracle.jdbc.driver.T4CConnection.connect(T4CConnection.java:1042)
	at oracle.jdbc.driver.T4CConnection.logon(T4CConnection.java:301)
	... 9 more
[2019-05-10 16:02:00,623]-[INFO]-RefreshCacheThread(43)运营时间:0205
[2019-05-10 16:02:00,580]-[INFO]-CommuConnectionPoolListener(475)线程0未处理消息0
[2019-05-10 16:02:01,001]-[INFO]-CommuConnectionPoolListener(475)线程1未处理消息0
[2019-05-10 16:02:01,016]-[INFO]-SocketUtil(40)TK票务库数据库连接异常,关闭监听服务器
[2019-05-10 16:02:01,039]-[INFO]-CommuConnectionPoolListener(180)尝试重建CM通讯库连接池1次.....
[2019-05-10 16:02:01,041]-[INFO]-CommuConnectionPoolListener(180)尝试重建TK票务库连接池1次.....
[2019-05-10 16:02:01,039]-[INFO]-CommuConnectionPoolListener(180)尝试重建OP运营库连接池1次.....
[2019-05-10 16:02:24,355]-[ERROR]-BusDataImportThread(211)--FTP取一卡通结算文件出错:
java.net.ConnectException: Connection timed out: connect
	at java.net.DualStackPlainSocketImpl.connect0(Native Method)
	at java.net.DualStackPlainSocketImpl.socketConnect(DualStackPlainSocketImpl.java:79)
	at java.net.AbstractPlainSocketImpl.doConnect(AbstractPlainSocketImpl.java:350)
	at java.net.AbstractPlainSocketImpl.connectToAddress(AbstractPlainSocketImpl.java:206)
	at java.net.AbstractPlainSocketImpl.connect(AbstractPlainSocketImpl.java:188)
	at java.net.PlainSocketImpl.connect(PlainSocketImpl.java:172)
	at java.net.SocksSocketImpl.connect(SocksSocketImpl.java:392)
	at java.net.Socket.connect(Socket.java:589)
	at org.apache.commons.net.SocketClient.connect(SocketClient.java:163)
	at org.apache.commons.net.SocketClient.connect(SocketClient.java:184)
	at com.goldsign.commu.frame.thread.BusDataImportThread.ftpLogin(BusDataImportThread.java:463)
	at com.goldsign.commu.frame.thread.BusDataImportThread.getFile(BusDataImportThread.java:133)
	at com.goldsign.commu.frame.thread.BusDataImportThread.handle(BusDataImportThread.java:104)
	at com.goldsign.commu.frame.thread.BusDataImportThread.run(BusDataImportThread.java:52)
	at java.lang.Thread.run(Thread.java:748)
[2019-05-10 16:02:24,362]-[INFO]-BusDataImportThread(105)下载成功数量:0
[2019-05-10 16:02:24,396]-[INFO]-BusDataDao(33)banlanceWaterNo:2018093001,fileType:trx
[2019-05-10 16:02:24,408]-[WARN]-BusDataImportThread(279)--准备FTP登录一卡通中心上传文件.
[2019-05-10 16:02:24,409]-[INFO]-BusDataImportThread(310)--------地铁公交交易、清算文件目录未生成------------
[2019-05-10 16:02:24,427]-[INFO]-BusDataDao(33)banlanceWaterNo:2018112001,fileType:trx
[2019-05-10 16:02:24,441]-[WARN]-BusDataImportThread(279)--准备FTP登录一卡通中心上传文件.
[2019-05-10 16:02:52,600]-[INFO]-BusDataImportThread(