[2020-04-17 10:15:04,630]-[INFO]-CommuServer(389)日志配置设置成功!
[2020-04-17 10:15:04,824]-[INFO]-CommuServer(398)成功解析配置文件：CommuConfig.xml
[2020-04-17 10:15:04,825]-[INFO]-CommuServer(488)日志备份
[2020-04-17 10:15:04,826]-[INFO]-CommuServer(405)成功初始化socket配置!
[2020-04-17 10:15:04,829]-[INFO]-CommuServer(409)成功初始化客流配置!
[2020-04-17 10:15:04,830]-[INFO]-CommuServer(413)成功初始化线程监控配置!
[2020-04-17 10:15:04,831]-[INFO]-CommuServer(417)成功初始化初始化参数下发配置!
[2020-04-17 10:15:04,831]-[INFO]-CommuServer(421)成功初始化应用相关配置!
[2020-04-17 10:15:04,831]-[INFO]-CommuServer(689)FtpLocalDir:E:/ftpClient/ACCCommu/receive
[2020-04-17 10:15:04,831]-[INFO]-CommuServer(702)BusFtpLocalDir:E:/ftpClient/ACCCommu/import
[2020-04-17 10:15:04,832]-[INFO]-CommuServer(425)成功初始化FTP配置!
[2020-04-17 10:15:05,012]-[INFO]-CommuServer(867)运营库连接池OpConnectionPool创建!
[2020-04-17 10:15:05,013]-[INFO]-CommuServer(879)通讯库连接池CmConnectionPool创建!
[2020-04-17 10:15:05,014]-[INFO]-CommuServer(889)票务库连接池TkConnectionPool创建!
[2020-04-17 10:15:05,015]-[INFO]-CommuServer(435)成功初始化数据库连接池!
[2020-04-17 10:15:05,015]-[INFO]-CommuServer(439)成功初始化线程池配置!
[2020-04-17 10:15:05,017]-[INFO]-CommuServer(443)成功初始化线程池监控配置!
[2020-04-17 10:15:05,018]-[INFO]-CommuServer(447)成功初始化设备参数版本查询配置!
[2020-04-17 10:15:05,019]-[INFO]-CommuServer(451)成功初始化参数自动下发配置!
[2020-04-17 10:15:05,019]-[INFO]-CommuServer(455)成功初始化启动选项控制!
[2020-04-17 10:15:05,019]-[INFO]-CommuServer(460)成功初始化FTP路径!
[2020-04-17 10:15:06,650]-[INFO]-CommuServer(919)运营时间:0205
[2020-04-17 10:15:07,268]-[INFO]-CommuServer(959)缺省消息最大处理时间60
[2020-04-17 10:15:07,282]-[INFO]-CommuServer(963)转存线程池状态表数据，共:0记录
[2020-04-17 10:15:07,299]-[INFO]-CommuServer(77)参数下发监听已启动 ...
[2020-04-17 10:15:07,302]-[INFO]-CommuThreadManager(43)3个处理线程已启动!
[2020-04-17 10:15:07,304]-[INFO]-CommuServer(375)缓存清理线程已启动 !
[2020-04-17 10:15:07,305]-[INFO]-CommuBufferClearThread(89)进站缓存清理开始...
[2020-04-17 10:15:07,306]-[INFO]-CommuServer(362)消息队列管理线程已启动!
[2020-04-17 10:15:07,309]-[INFO]-CommuServer(98)连接池监听正在启动 ...
[2020-04-17 10:15:07,310]-[INFO]-CommuServer(103)日志级别监听已启动 ...
[2020-04-17 10:15:07,310]-[INFO]-CommuBufferClearThread(96)出站缓存清理开始...
[2020-04-17 10:15:07,310]-[INFO]-CommuConnectionPoolListener(78)OP运营库连接池监听线程已启动...
[2020-04-17 10:15:07,311]-[INFO]-CommuConnectionPoolListener(78)CM通讯库连接池监听线程已启动...
[2020-04-17 10:15:07,312]-[INFO]-CommuServer(107)设备参数版本查询线程已启动 ...
[2020-04-17 10:15:07,314]-[INFO]-CommuServer(368)线程池监控已启动 !
[2020-04-17 10:15:07,315]-[INFO]-CommuThreadPoolMonitor(40)线程池监听线程已启动...
[2020-04-17 10:15:07,331]-[INFO]-CommuConnectionPoolListener(78)TK票务库连接池监听线程已启动...
[2020-04-17 10:15:07,368]-[INFO]-CommuServer(114)票务接口线程已启动 ...
[2020-04-17 10:15:07,372]-[INFO]-CommuServer(117)一卡通接口线程已启动 ...
[2020-04-17 10:15:07,372]-[INFO]-BusDataImportThread(44)------------------------与一卡通中心文件交互执行begin-------------------------
[2020-04-17 10:15:07,374]-[INFO]-CommuServer(124)TCC接口线程已启动 ...使用标识：1
[2020-04-17 10:15:07,376]-[INFO]-CommuServer(130)定时刷新缓存变量线程已启动 ...
[2020-04-17 10:15:07,676]-[INFO]-CommuServer(994)服务器正常启动！正在监听端口 : 5001
[2020-04-17 10:15:28,461]-[ERROR]-BusDataImportThread(212)--FTP取一卡通结算文件出错:
java.net.ConnectException: Connection timed out: connect
	at java.net.DualStackPlainSocketImpl.connect0(Native Method)
	at java.net.DualStackPlainSocketImpl.socketConnect(DualStackPlainSocketImpl.java:79)
	at java.net.AbstractPlainSocketImpl.doConnect(AbstractPlainSocketImpl.java:350)
	at java.net.AbstractPlainSocketImpl.connectToAddress(AbstractPlainSocketImpl.java:206)
	at java.net.AbstractPlainSocketImpl.connect(AbstractPlainSocketImpl.java:188)
	at java.net.PlainSocketImpl.connect(PlainSocketImpl.java:172)
	at java.net.SocksSocketImpl.connect(SocksSocketImpl.java:392)
	at java.net.Socket.connect(Socket.java:589)
	at org.apache.commons.net.SocketClient.connect(SocketClient.java:163)
	at org.apache.commons.net.SocketClient.connect(SocketClient.java:184)
	at com.goldsign.commu.frame.thread.BusDataImportThread.ftpLogin(BusDataImportThread.java:464)
	at com.goldsign.commu.frame.thread.BusDataImportThread.getFile(BusDataImportThread.java:134)
	at com.goldsign.commu.frame.thread.BusDataImportThread.handle(BusDataImportThread.java:105)
	at com.goldsign.commu.frame.thread.BusDataImportThread.run(BusDataImportThread.java:53)
	at java.lang.Thread.run(Thread.java:748)
[2020-04-17 10:15:28,469]-[INFO]-BusDataImportThread(106)下载成功数量:0
[2020-04-17 10:15:28,554]-[INFO]-BusDataDao(33)banlanceWaterNo:2018093001,fileType:trx
[2020-04-17 10:15:28,560]-[WARN]-BusDataImportThread(280)--准备FTP登录一卡通中心上传文件.
[2020-04-17 10:15:28,561]-[INFO]-BusDataImportThread(311)--------地铁公交交易、清算文件目录未生成------------
[2020-04-17 10:15:28,567]-[INFO]-BusDataDao(33)banlanceWaterNo:2018112001,fileType:trx
[2020-04-17 10:15:28,571]-[WARN]-BusDataImportThread(280)--准备FTP登录一卡通中心上传文件.
[2020-04-17 10:15:28,572]-[INFO]-BusDataImportThread(311)--------地铁公交交易、清算文件目录未生成------------
[2020-04-17 10:15:28,576]-[INFO]-BusDataDao(33)banlanceWaterNo:2018122401,fileType:trx
[2020-04-17 10:15:28,580]-[WARN]-BusDataImportThread(280)--准备FTP登录一卡通中心上传文件.
[2020-04-17 10:15:28,580]-[INFO]-BusDataImportThread(311)--------地铁公交交易、清算文件目录未生成------------
[2020-04-17 10:15:28,585]-[INFO]-BusDataDao(33)banlanceWaterNo:2018123101,fileType:trx
[2020-04-17 10:15:28,588]-[WARN]-BusDataImportThread(280)--准备FTP登录一卡通中心上传文件.
[2020-04-17 10:15:28,589]-[INFO]-BusDataImportThread(311)--------地铁公交交易、清算文件目录未生成------------
[2020-04-17 10:15:28,593]-[INFO]-BusDataDao(33)banlanceWaterNo:2019010301,fileType:trx
[2020-04-17 10:15:28,597]-[WARN]-BusDataImportThread(280)--准备FTP登录一卡通中心上传文件.
[2020-04-17 10:15:28,597]-[INFO]-BusDataImportThread(311)--------地铁公交交易、清算文件目录未生成------------
[2020-04-17 10:15:28,602]-[INFO]-BusDataDao(33)banlanceWaterNo:2019010401,fileType:trx
[2020-04-17 10:15:28,606]-[WARN]-BusDataImportThread(280)--准备FTP登录一卡通中心上传文件.
[2020-04-17 10:15:28,607]-[INFO]-BusDataImportThread(311)--------地铁公交交易、清算文件目录未生成------------
[2020-04-17 10:15:28,610]-[INFO]-BusDataDao(33)banlanceWaterNo:2019010501,fileType:trx
[2020-04-17 10:15:28,614]-[WARN]-BusDataImportThread(280)--准备FTP登录一卡通中心上传文件.
[2020-04-17 10:15:28,614]-[INFO]-BusDataImportThread(311)--------地铁公交交易、清算文件目录未生成------------
[2020-04-17 10:15:28,621]-[INFO]-BusDataDao(33)banlanceWaterNo:2019010601,fileType:trx
[2020-04-17 10:15:28,625]-[WARN]-BusDataImportThread(280)--准备FTP登录一卡通中心上传文件.
[2020-04-17 10:15:28,625]-[INFO]-BusDataImportThread(311)--------地铁公交交易、清算文件目录未生成------------
[2020-04-17 10:15:28,629]-[INFO]-BusDataDao(33)banlanceWaterNo:2019011001,fileType:trx
[2020-04-17 10:15:28,632]-[WARN]-BusDataImportThread(280)--准备FTP登录一卡通中心上传文件.
[2020-04-17 10:15:28,632]-[INFO]-BusDataImportThread(311)--------地铁公交交易、清算文件目录未生成------------
[2020-04-17 10:15:28,636]-[INFO]-BusDataDao(33)banlanceWaterNo:2019032001,fileType:trx
[2020-04-17 10:15:28,638]-[WARN]-BusDataImportThread(280)--准备FTP登录一卡通中心上传文件.
[2020-04-17 10:15:28,638]-[INFO]-BusDataImportThread(311)--------地铁公交交易、清算文件目录未生成------------
[2020-04-17 10:15:28,642]-[INFO]-BusDataDao(33)banlanceWaterNo:2019071801,fileType:trx
[2020-04-17 10:15:28,644]-[WARN]-BusDataImportThread(280)--准备FTP登录一卡通中心上传文件.
[2020-04-17 10:15:28,645]-[INFO]-BusDataImportThread(311)--------地铁公交交易、清算文件目录未生成------------
[2020-04-17 10:15:28,649]-[INFO]-BusDataDao(33)banlanceWaterNo:2019072301,fileType:trx
[2020-04-17 10:15:28,652]-[WARN]-BusDataImportThread(280)--准备FTP登录一卡通中心上传文件.
[2020-04-17 10:15:28,652]-[INFO]-BusDataImportThread(311)--------地铁公交交易、清算文件目录未生成------------
[2020-04-17 10:15:28,654]-[INFO]-BusDataDao(33)banlanceWaterNo:2019082701,fileType:trx
[2020-04-17 10:15:28,658]-[WARN]-BusDataImportThread(280)--准备FTP登录一卡通中心上传文件.
[2020-04-17 10:15:28,658]-[INFO]-BusDataImportThread(311)--------地铁公交交易、清算文件目录未生成------------
[2020-04-17 10:15:28,662]-[INFO]-BusDataDao(33)banlanceWaterNo:2019100701,fileType:trx
[2020-04-17 10:15:28,665]-[WARN]-BusDataImportThread(280)--准备FTP登录一卡通中心上传文件.
[2020-04-17 10:15:28,666]-[INFO]-BusDataImportThread(311)--------地铁公交交易、清算文件目录未生成------------
[2020-04-17 10:15:28,669]-[INFO]-BusDataDao(33)banlanceWaterNo:2019103101,fileType:trx
[2020-04-17 10:15:28,677]-[WARN]-BusDataImportThread(280)--准备FTP登录一卡通中心上传文件.
[2020-04-17 10:15:28,678]-[INFO]-BusDataImportThread(311)--------地铁公交交易、清算文件目录未生成------------
[2020-04-17 10:15:28,695]-[INFO]-BusDataDao(33)banlanceWaterNo:2019111601,fileType:trx
[2020-04-17 10:15:28,698]-[WARN]-BusDataImportThread(280)--准备FTP登录一卡通中心上传文件.
[2020-04-17 10:15:28,699]-[INFO]-BusDataImportThread(311)--------地铁公交交易、清算文件目录未生成------------
[2020-04-17 10:15:28,702]-[INFO]-BusDataDao(33)banlanceWaterNo:2019111701,fileType:trx
[2020-04-17 10:15:28,706]-[WARN]-BusDataImportThread(280)--准备FTP登录一卡通中心上传文件.
[2020-04-17 10:15:28,706]-[INFO]-BusDataImportThread(311)--------地铁公交交易、清算文件目录未生成------------
[2020-04-17 10:15:28,712]-[INFO]-BusDataDao(33)banlanceWaterNo:2019111801,fileType:trx
[2020-04-17 10:15:28,716]-[WARN]-BusDataImportThread(280)--准备FTP登录一卡通中心上传文件.
[2020-04-17 10:15:28,716]-[INFO]-BusDataImportThread(311)--------地铁公交交易、清算文件目录未生成------------
[2020-04-17 10:15:28,722]-[INFO]-BusDataDao(33)banlanceWaterNo:2019111901,fileType:trx
[2020-04-17 10:15:28,725]-[WARN]-BusDataImportThread(280)--准备FTP登录一卡通中心上传文件.
[2020-04-17 10:15:28,726]-[INFO]-BusDataImportThread(311)--------地铁公交交易、清算文件目录未生成------------
[2020-04-17 10:15:28,729]-[INFO]-BusDataDao(33)banlanceWaterNo:2019121301,fileType:trx
[2020-04-17 10:15:28,732]-[WARN]-BusDataImportThread(280)--准备FTP登录一卡通中心上传文件.
[2020-04-17 10:15:28,733]-[INFO]-BusDataImportThread(311)--------地铁公交交易、清算文件目录未生成------------
[2020-04-17 10:15:28,736]-[INFO]-BusDataDao(33)banlanceWaterNo:2019121701,fileType:trx
[2020-04-17 10:15:28,739]-[WARN]-BusDataImportThread(280)--准备FTP登录一卡通中心上传文件.
[2020-04-17 10:15:28,740]-[INFO]-BusDataImportThread(311)--------地铁公交交易、清算文件目录未生成------------
[2020-04-17 10:15:28,742]-[INFO]-BusDataDao(33)banlanceWaterNo:2019122301,fileType:trx
[2020-04-17 10:15:28,746]-[WARN]-BusDataImportThread(280)--准备FTP登录一卡通中心上传文件.
[2020-04-17 10:15:28,746]-[INFO]-BusDataImportThread(311)--------地铁公交交易、清算文件目录未生成------------
[2020-04-17 10:15:28,750]-[INFO]-BusDataDao(33)banlanceWaterNo:2019122401,fileType:trx
[2020-04-17 10:15:28,752]-[WARN]-BusDataImportThread(280)--准备FTP登录一卡通中心上传文件.
[2020-04-17 10:15:28,753]-[INFO]-BusDataImportThread(311)--------地铁公交交易、清算文件目录未生成------------
[2020-04-17 10:15:28,756]-[INFO]-BusDataDao(33)banlanceWaterNo:2019122501,fileType:trx
[2020-04-17 10:15:28,760]-[WARN]-BusDataImportThread(280)--准备FTP登录一卡通中心上传文件.
[2020-04-17 10:15:28,760]-[INFO]-BusDataImportThread(311)--------地铁公交交易、清算文件目录未生成------------
[2020-04-17 10:15:28,764]-[INFO]-BusDataDao(33)banlanceWaterNo:2019122601,fileType:trx
[2020-04-17 10:15:28,767]-[WARN]-BusDataImportThread(280)--准备FTP登录一卡通中心上传文件.
[2020-04-17 10:15:28,768]-[INFO]-BusDataImportThread(311)--------地铁公交交易、清算文件目录未生成------------
[2020-04-17 10:15:28,771]-[INFO]-BusDataDao(33)banlanceWaterNo:2019122701,fileType:trx
[2020-04-17 10:15:28,775]-[WARN]-BusDataImportThread(280)--准备FTP登录一卡通中心上传文件.
[2020-04-17 10:15:28,775]-[INFO]-BusDataImportThread(311)--------地铁公交交易、清算文件目录未生成------------
[2020-04-17 10:15:28,779]-[INFO]-BusDataDao(33)banlanceWaterNo:2019122801,fileType:trx
[2020-04-17 10:15:28,782]-[WARN]-BusDataImportThread(280)--准备FTP登录一卡通中心上传文件.
[2020-04-17 10:15:28,783]-[INFO]-BusDataImportThread(311)--------地铁公交交易、清算文件目录未生成------------
[2020-04-17 10:15:28,786]-[INFO]-BusDataDao(33)banlanceWaterNo:2019122901,fileType:trx
[2020-04-17 10:15:28,790]-[WARN]-BusDataImportThread(280)--准备FTP登录一卡通中心上传文件.
[2020-04-17 10:15:28,790]-[INFO]-BusDataImportThread(311)--------地铁公交交易、清算文件目录未生成------------
[2020-04-17 10:15:28,794]-[INFO]-BusDataDao(33)banlanceWaterNo:2020011301,fileType:trx
[2020-04-17 10:15:28,797]-[WARN]-BusDataImportThread(280)--准备FTP登录一卡通中心上传文件.
[2020-04-17 10:15:28,798]-[INFO]-BusDataImportThread(311)--------地铁公交交易、清算文件目录未生成------------
[2020-04-17 10:15:28,801]-[INFO]-BusDataDao(33)banlanceWaterNo:2020030401,fileType:trx
[2020-04-17 10:15:28,805]-[WARN]-BusDataImportThread(280)--准备FTP登录一卡通中心上传文件.
[2020-04-17 10:15:28,805]-[INFO]-BusDataImportThread(311)--------地铁公交交易、清算文件目录未生成------------
[2020-04-17 10:15:28,805]-[INFO]-BusDataImportThread(61)------------------------与一卡通中心文件交互执行end-------------------------
[2020-04-17 10:16:07,395]-[INFO]-RefreshCacheThread(44)运营时间:0205
[2020-04-17 10:17:07,764]-[INFO]-RefreshCacheThread(44)运营时间:0205
[2020-04-17 10:17:21,076]-[INFO]-CommuServer(1004)接受新的连接请求，来自 172.20.18.14:49676
[2020-04-17 10:17:21,076]-[INFO]-CommuServer(1013)开始处理新连接!
[2020-04-17 10:17:21,349]-[INFO]-ConnectionReaderNormal(113)读取到的终端消息长度:38
[2020-04-17 10:17:21,350]-[INFO]-ConnectionReaderNormal(114)读取到的终端消息：[49, 50, 32, 32, 4, 23, 9, 35, 1, 51, 50, 48, 49, 1, 80, 83, 68, 48, 49, 46, 50, 48, 50, 48, 48, 52, 49, 55, 46, 48, 48, 51, 32, 32, 32, 32, 32, 32]
[2020-04-17 10:17:21,367]-[INFO]-CommuConnection(439)当前消息处理线程名称:0
[2020-04-17 10:17:21,427]-[INFO]-CommuMessageHandleThread(204)0:left priorityMsgs =0
[2020-04-17 10:17:21,427]-[INFO]-CommuMessageHandleThread(65)线程名[0]有需要处理的消息
[2020-04-17 10:17:21,595]-[INFO]-MessageProcessor(44)runMsg begin ...
[2020-04-17 10:17:21,595]-[INFO]-MessageProcessor(57)请求的消息类型：12
[2020-04-17 10:17:21,630]-[INFO]-Message12(30)--处理12消息开始--
[2020-04-17 10:17:21,630]-[INFO]-Message12(57)传入的文件名有：
[2020-04-17 10:17:21,630]-[INFO]-Message12(59)PSD01.20200417.003
[2020-04-17 10:17:21,630]-[INFO]-Message12(64)=====server====172.20.18.14
[2020-04-17 10:17:21,637]-[INFO]-CommuFtp(118)设置FTP的控制socket读超时时间、数据读socket超时时间、连接超时时间、缺省超时时间
[2020-04-17 10:17:21,638]-[INFO]-CommuFtp(62)设置连接超时时间：900000 准备连接服务器：172.20.18.14
[2020-04-17 10:17:21,640]-[INFO]-CommuFtp(74)控制socket超时时间：900000数据socket超时时间：900000
[2020-04-17 10:17:21,642]-[INFO]-CommuFtp(127)登陆服务器 : 172.20.18.14!
[2020-04-17 10:17:21,643]-[INFO]-CommuFtp(180)取文件开始：PSD01.20200417.003
[2020-04-17 10:17:21,643]-[INFO]-CommuFtp(224)remoteDir====ticket
[2020-04-17 10:17:21,647]-[INFO]-CommuFtp(253)FTP 收取文件 : PSD01.20200417.003 成功!
[2020-04-17 10:17:21,749]-[INFO]-CommuFtp(184)取文件结束：PSD01.20200417.003
[2020-04-17 10:17:21,750]-[INFO]-Message12(32)--处理12消息结束--
[2020-04-17 10:17:23,434]-[INFO]-FileLogDao(219)PSD01.20200417.003
[2020-04-17 10:17:23,513]-[INFO]-TKInterfaceThread(76)FileName==PSD01.20200417.003
[2020-04-17 10:17:23,514]-[INFO]-HanderPSD(26)售存数据文件解析处理开始，文件名：PSD01.20200417.003
[2020-04-17 10:17:23,648]-[INFO]-HandleBase(456)系统计算CRC码：A30D4095 文件计算的CRC:A30D4095
[2020-04-17 10:17:26,368]-[INFO]-HandleMessageBuffer(132)pool-2-thread-4:普通队列剩余未处理消息 =0
[2020-04-17 10:17:26,369]-[INFO]-TkPSDDao(75)预制票数据批量入库开始
[2020-04-17 10:17:26,383]-[INFO]-TkPSDDao(97)预制票数据批量入库结束，插入-6条数据
[2020-04-17 10:17:26,673]-[WARN]-ConnectionReaderNormal(58) - Message read error!
[2020-04-17 10:17:26,673]-[ERROR]-ConnectionReaderNormal(127)接收的数据格式有误,错误代码为:1002
[2020-04-17 10:17:26,673]-[INFO]-CommuConnection(448)172.20.18.14 - Reader return message error( 1002)!Connection will be closed!
[2020-04-17 10:17:26,673]-[WARN]-CommuConnection(238)172.20.18.14 - 对方消息错误，连接将断开!
[2020-04-17 10:17:26,673]-[INFO]-CommuConnection(298)172.20.18.14 - 连接关闭!
[2020-04-17 10:17:53,683]-[INFO]-HanderPSD(28)售存数据文件解析处理结束，文件名：PSD01.20200417.003
[2020-04-17 10:17:53,702]-[INFO]-SeqDao(153)更改票库通讯接口文件名序号:3
[2020-04-17 10:17:53,702]-[INFO]-TKInterfaceThread(172)updateTkFileSeq修改seq 为 3
[2020-04-17 10:17:53,737]-[INFO]-SeqDao(123)tkFileSeq 查询到seq===3
[2020-04-17 10:17:53,750]-[INFO]-SeqDao(153)更改票库通讯接口文件名序号:3
[2020-04-17 10:17:53,750]-[INFO]-SeqDao(125)tkFileSeq中updateTkFileSeq 更新seq===3
[2020-04-17 10:19:09,965]-[INFO]-RefreshCacheThread(44)运营时间:0205
[2020-04-17 10:19:25,209]-[INFO]-SeqDao(123)tkFileSeq 查询到seq===3
[2020-04-17 10:19:25,225]-[INFO]-SeqDao(153)更改票库通讯接口文件名序号:3
[2020-04-17 10:19:25,226]-[INFO]-SeqDao(125)tkFileSeq中updateTkFileSeq 更新seq===3
[2020-04-17 10:20:08,296]-[INFO]-ConstructMessagePSD(55)上一次预制票数据交易文件的生成还没有完成.
[2020-04-17 10:20:12,570]-[INFO]-SeqDao(123)tkFileSeq 查询到seq===3
[2020-04-17 10:20:12,589]-[INFO]-SeqDao(153)更改票库通讯接口文件名序号:3
[2020-04-17 10:20:12,589]-[INFO]-SeqDao(125)tkFileSeq中updateTkFileSeq 更新seq===3
[2020-04-17 10:20:14,511]-[INFO]-TkPSDDao(106)预制票数据的状态为已处理，处理数据的数量:3
[2020-04-17 10:20:14,556]-[INFO]-TkPSDDao(122)更改9条预制票数据的状态
[2020-04-17 10:20:14,556]-[INFO]-ConstructMessagePSD(76)完成生成预制票数据交易文件.TRX9900.20200417.003
[2020-04-17 10:20:27,183]-[INFO]-RefreshCacheThread(44)运营时间:0205
[2020-04-17 10:20:28,805]-[INFO]-BusDataImportThread(44)------------------------与一卡通中心文件交互执行begin-------------------------
[2020-04-17 10:20:49,862]-[ERROR]-BusDataImportThread(212)--FTP取一卡通结算文件出错:
java.net.ConnectException: Connection timed out: connect
	at java.net.DualStackPlainSocketImpl.connect0(Native Method)
	at java.net.DualStackPlainSocketImpl.socketConnect(DualStackPlainSocketImpl.java:79)
	at java.net.AbstractPlainSocketImpl.doConnect(AbstractPlainSocketImpl.java:350)
	at java.net.AbstractPlainSocketImpl.connectToAddress(AbstractPlainSocketImpl.java:206)
	at java.net.AbstractPlainSocketImpl.connect(AbstractPlainSocketImpl.java:188)
	at java.net.PlainSocketImpl.connect(PlainSocketImpl.java:172)
	at java.net.SocksSocketImpl.connect(SocksSocketImpl.java:392)
	at java.net.Socket.connect(Socket.java:589)
	at org.apache.commons.net.SocketClient.connect(SocketClient.java:163)
	at org.apache.commons.net.SocketClient.connect(SocketClient.java:184)
	at com.goldsign.commu.frame.thread.BusDataImportThread.ftpLogin(BusDataImportThread.java:464)
	at com.goldsign.commu.frame.thread.BusDataImportThread.getFile(BusDataImportThread.java:134)
	at com.goldsign.commu.frame.thread.BusDataImportThread.handle(BusDataImportThread.java:105)
	at com.goldsign.commu.frame.thread.BusDataImportThread.run(BusDataImportThread.java:53)
	at java.lang.Thread.run(Thread.java:748)
[2020-04-17 10:20:49,863]-[INFO]-BusDataImportThread(106)下载成功数量:0
[2020-04-17 10:20:49,880]-[INFO]-BusDataDao(33)banlanceWaterNo:2018093001,fileType:trx
[2020-04-17 10:20:49,885]-[WARN]-BusDataImportThread(280)--准备FTP登录一卡通中心上传文件.
[2020-04-17 10:20:49,885]-[INFO]-BusDataImportThread(311)--------地铁公交交易、清算文件目录未生成------------
[2020-04-17 10:20:49,889]-[INFO]-BusDataDao(33)banlanceWaterNo:2018112001,fileType:trx
[2020-04-17 10:20:49,894]-[WARN]-BusDataImportThread(280)--准备FTP登录一卡通中心上传文件.
[2020-04-17 10:20:49,894]-[INFO]-BusDataImportThread(311)--------地铁公交交易、清算文件目录未生成------------
[2020-04-17 10:20:49,898]-[INFO]-BusDataDao(33)banlanceWaterNo:2018122401,fileType:trx
[2020-04-17 10:20:49,902]-[WARN]-BusDataImportThread(280)--准备FTP登录一卡通中心上传文件.
[2020-04-17 10:20:49,903]-[INFO]-BusDataImportThread(311)--------地铁公交交易、清算文件目录未生成------------
[2020-04-17 10:20:49,907]-[INFO]-BusDataDao(33)banlanceWaterNo:2018123101,fileType:trx
[2020-04-17 10:20:49,912]-[WARN]-BusDataImportThread(280)--准备FTP登录一卡通中心上传文件.
[2020-04-17 10:20:49,912]-[INFO]-BusDataImportThread(311)--------地铁公交交易、清算文件目录未生成------------
[2020-04-17 10:20:49,918]-[INFO]-BusDataDao(33)banlanceWaterNo:2019010301,fileType:trx
[2020-04-17 10:20:49,922]-[WARN]-BusDataImportThread(280)--准备FTP登录一卡通中心上传文件.
[2020-04-17 10:20:49,922]-[INFO]-BusDataImportThread(311)--------地铁公交交易、清算文件目录未生成------------
[2020-04-17 10:20:49,927]-[INFO]-BusDataDao(33)banlanceWaterNo:2019010401,fileType:trx
[2020-04-17 10:20:49,932]-[WARN]-BusDataImportThread(280)--准备FTP登录一卡通中心上传文件.
[2020-04-17 10:20:49,932]-[INFO]-BusDataImportThread(311)--------地铁公交交易、清算文件目录未生成------------
[2020-04-17 10:20:49,937]-[INFO]-BusDataDao(33)banlanceWaterNo:2019010501,fileType:trx
[2020-04-17 10:20:49,942]-[WARN]-BusDataImportThread(280)--准备FTP登录一卡通中心上传文件.
[2020-04-17 10:20:49,942]-[INFO]-BusDataImportThread(311)--------地铁公交交易、清算文件目录未生成------------
[2020-04-17 10:20:49,947]-[INFO]-BusDataDao(33)banlanceWaterNo:2019010601,fileType:trx
[2020-04-17 10:20:49,950]-[WARN]-BusDataImportThread(280)--准备FTP登录一卡通中心上传文件.
[2020-04-17 10:20:49,950]-[INFO]-BusDataImportThread(311)--------地铁公交交易、清算文件目录未生成------------
[2020-04-17 10:20:49,953]-[INFO]-BusDataDao(33)banlanceWaterNo:2019011001,fileType:trx
[2020-04-17 10:20:49,957]-[WARN]-BusDataImportThread(280)--准备FTP登录一卡通中心上传文件.
[2020-04-17 10:20:49,957]-[INFO]-BusDataImportThread(311)--------地铁公交交易、清算文件目录未生成------------
[2020-04-17 10:20:49,961]-[INFO]-BusDataDao(33)banlanceWaterNo:2019032001,fileType:trx
[2020-04-17 10:20:49,965]-[WARN]-BusDataImportThread(280)--准备FTP登录一卡